running egg_info
creating ../../build/isaac_sim_bridge/isaac_sim_bridge.egg-info
writing ../../build/isaac_sim_bridge/isaac_sim_bridge.egg-info/PKG-INFO
writing dependency_links to ../../build/isaac_sim_bridge/isaac_sim_bridge.egg-info/dependency_links.txt
writing entry points to ../../build/isaac_sim_bridge/isaac_sim_bridge.egg-info/entry_points.txt
writing requirements to ../../build/isaac_sim_bridge/isaac_sim_bridge.egg-info/requires.txt
writing top-level names to ../../build/isaac_sim_bridge/isaac_sim_bridge.egg-info/top_level.txt
writing manifest file '../../build/isaac_sim_bridge/isaac_sim_bridge.egg-info/SOURCES.txt'
reading manifest file '../../build/isaac_sim_bridge/isaac_sim_bridge.egg-info/SOURCES.txt'
writing manifest file '../../build/isaac_sim_bridge/isaac_sim_bridge.egg-info/SOURCES.txt'
running build
running build_py
creating /home/sun/strawberry_grasp_isaac/build/isaac_sim_bridge/build
creating /home/sun/strawberry_grasp_isaac/build/isaac_sim_bridge/build/lib
creating /home/sun/strawberry_grasp_isaac/build/isaac_sim_bridge/build/lib/isaac_sim_bridge
copying isaac_sim_bridge/test_move_node.py -> /home/sun/strawberry_grasp_isaac/build/isaac_sim_bridge/build/lib/isaac_sim_bridge
copying isaac_sim_bridge/isaac_sim_bridge_node.py -> /home/sun/strawberry_grasp_isaac/build/isaac_sim_bridge/build/lib/isaac_sim_bridge
copying isaac_sim_bridge/__init__.py -> /home/sun/strawberry_grasp_isaac/build/isaac_sim_bridge/build/lib/isaac_sim_bridge
running install
running install_lib
creating /home/sun/strawberry_grasp_isaac/install/isaac_sim_bridge/lib/python3.10/site-packages/isaac_sim_bridge
copying /home/sun/strawberry_grasp_isaac/build/isaac_sim_bridge/build/lib/isaac_sim_bridge/test_move_node.py -> /home/sun/strawberry_grasp_isaac/install/isaac_sim_bridge/lib/python3.10/site-packages/isaac_sim_bridge
copying /home/sun/strawberry_grasp_isaac/build/isaac_sim_bridge/build/lib/isaac_sim_bridge/isaac_sim_bridge_node.py -> /home/sun/strawberry_grasp_isaac/install/isaac_sim_bridge/lib/python3.10/site-packages/isaac_sim_bridge
copying /home/sun/strawberry_grasp_isaac/build/isaac_sim_bridge/build/lib/isaac_sim_bridge/__init__.py -> /home/sun/strawberry_grasp_isaac/install/isaac_sim_bridge/lib/python3.10/site-packages/isaac_sim_bridge
byte-compiling /home/sun/strawberry_grasp_isaac/install/isaac_sim_bridge/lib/python3.10/site-packages/isaac_sim_bridge/test_move_node.py to test_move_node.cpython-310.pyc
byte-compiling /home/sun/strawberry_grasp_isaac/install/isaac_sim_bridge/lib/python3.10/site-packages/isaac_sim_bridge/isaac_sim_bridge_node.py to isaac_sim_bridge_node.cpython-310.pyc
byte-compiling /home/sun/strawberry_grasp_isaac/install/isaac_sim_bridge/lib/python3.10/site-packages/isaac_sim_bridge/__init__.py to __init__.cpython-310.pyc
running install_data
creating /home/sun/strawberry_grasp_isaac/install/isaac_sim_bridge/share/ament_index
creating /home/sun/strawberry_grasp_isaac/install/isaac_sim_bridge/share/ament_index/resource_index
creating /home/sun/strawberry_grasp_isaac/install/isaac_sim_bridge/share/ament_index/resource_index/packages
copying resource/isaac_sim_bridge -> /home/sun/strawberry_grasp_isaac/install/isaac_sim_bridge/share/ament_index/resource_index/packages
copying package.xml -> /home/sun/strawberry_grasp_isaac/install/isaac_sim_bridge/share/isaac_sim_bridge
running install_egg_info
Copying ../../build/isaac_sim_bridge/isaac_sim_bridge.egg-info to /home/sun/strawberry_grasp_isaac/install/isaac_sim_bridge/lib/python3.10/site-packages/isaac_sim_bridge-0.0.0-py3.10.egg-info
running install_scripts
Installing isaac_sim_bridge_node script to /home/sun/strawberry_grasp_isaac/install/isaac_sim_bridge/lib/isaac_sim_bridge
Installing test_move_node script to /home/sun/strawberry_grasp_isaac/install/isaac_sim_bridge/lib/isaac_sim_bridge
writing list of installed files to '/home/sun/strawberry_grasp_isaac/build/isaac_sim_bridge/install.log'
