[0.264s] Invoking command in '/home/sun/strawberry_grasp_isaac/src/isaac_sim_bridge': PYTHONPATH=/home/sun/strawberry_grasp_isaac/build/isaac_sim_bridge/prefix_override:/usr/lib/python3/dist-packages/colcon_core/task/python/colcon_distutils_commands:/home/sun/strawberry_grasp_isaac/install/isaac_sim_bridge/lib/python3.10/site-packages:${PYTHONPATH} /usr/bin/python3 -W ignore:setup.py install is deprecated -W ignore:easy_install command is deprecated setup.py egg_info --egg-base ../../build/isaac_sim_bridge build --build-base /home/sun/strawberry_grasp_isaac/build/isaac_sim_bridge/build install --record /home/sun/strawberry_grasp_isaac/build/isaac_sim_bridge/install.log --single-version-externally-managed install_data
[0.363s] running egg_info
[0.363s] writing ../../build/isaac_sim_bridge/isaac_sim_bridge.egg-info/PKG-INFO
[0.363s] writing dependency_links to ../../build/isaac_sim_bridge/isaac_sim_bridge.egg-info/dependency_links.txt
[0.363s] writing entry points to ../../build/isaac_sim_bridge/isaac_sim_bridge.egg-info/entry_points.txt
[0.363s] writing requirements to ../../build/isaac_sim_bridge/isaac_sim_bridge.egg-info/requires.txt
[0.363s] writing top-level names to ../../build/isaac_sim_bridge/isaac_sim_bridge.egg-info/top_level.txt
[0.364s] reading manifest file '../../build/isaac_sim_bridge/isaac_sim_bridge.egg-info/SOURCES.txt'
[0.365s] writing manifest file '../../build/isaac_sim_bridge/isaac_sim_bridge.egg-info/SOURCES.txt'
[0.365s] running build
[0.365s] running build_py
[0.365s] copying isaac_sim_bridge/test_move_node.py -> /home/sun/strawberry_grasp_isaac/build/isaac_sim_bridge/build/lib/isaac_sim_bridge
[0.365s] copying isaac_sim_bridge/isaac_sim_bridge_node.py -> /home/sun/strawberry_grasp_isaac/build/isaac_sim_bridge/build/lib/isaac_sim_bridge
[0.365s] running install
[0.365s] running install_lib
[0.365s] copying /home/sun/strawberry_grasp_isaac/build/isaac_sim_bridge/build/lib/isaac_sim_bridge/test_move_node.py -> /home/sun/strawberry_grasp_isaac/install/isaac_sim_bridge/lib/python3.10/site-packages/isaac_sim_bridge
[0.365s] copying /home/sun/strawberry_grasp_isaac/build/isaac_sim_bridge/build/lib/isaac_sim_bridge/isaac_sim_bridge_node.py -> /home/sun/strawberry_grasp_isaac/install/isaac_sim_bridge/lib/python3.10/site-packages/isaac_sim_bridge
[0.367s] byte-compiling /home/sun/strawberry_grasp_isaac/install/isaac_sim_bridge/lib/python3.10/site-packages/isaac_sim_bridge/test_move_node.py to test_move_node.cpython-310.pyc
[0.367s] byte-compiling /home/sun/strawberry_grasp_isaac/install/isaac_sim_bridge/lib/python3.10/site-packages/isaac_sim_bridge/isaac_sim_bridge_node.py to isaac_sim_bridge_node.cpython-310.pyc
[0.367s] running install_data
[0.367s] running install_egg_info
[0.367s] removing '/home/sun/strawberry_grasp_isaac/install/isaac_sim_bridge/lib/python3.10/site-packages/isaac_sim_bridge-0.0.0-py3.10.egg-info' (and everything under it)
[0.367s] Copying ../../build/isaac_sim_bridge/isaac_sim_bridge.egg-info to /home/sun/strawberry_grasp_isaac/install/isaac_sim_bridge/lib/python3.10/site-packages/isaac_sim_bridge-0.0.0-py3.10.egg-info
[0.367s] running install_scripts
[0.376s] Installing isaac_sim_bridge_node script to /home/sun/strawberry_grasp_isaac/install/isaac_sim_bridge/lib/isaac_sim_bridge
[0.376s] Installing test_move_node script to /home/sun/strawberry_grasp_isaac/install/isaac_sim_bridge/lib/isaac_sim_bridge
[0.376s] writing list of installed files to '/home/sun/strawberry_grasp_isaac/build/isaac_sim_bridge/install.log'
[0.388s] Invoked command in '/home/sun/strawberry_grasp_isaac/src/isaac_sim_bridge' returned '0': PYTHONPATH=/home/sun/strawberry_grasp_isaac/build/isaac_sim_bridge/prefix_override:/usr/lib/python3/dist-packages/colcon_core/task/python/colcon_distutils_commands:/home/sun/strawberry_grasp_isaac/install/isaac_sim_bridge/lib/python3.10/site-packages:${PYTHONPATH} /usr/bin/python3 -W ignore:setup.py install is deprecated -W ignore:easy_install command is deprecated setup.py egg_info --egg-base ../../build/isaac_sim_bridge build --build-base /home/sun/strawberry_grasp_isaac/build/isaac_sim_bridge/build install --record /home/sun/strawberry_grasp_isaac/build/isaac_sim_bridge/install.log --single-version-externally-managed install_data
